Sat 14 Mar 2020 09:59:18 GMT
Generating RSA private key, 2048 bit long modulus
.....+++
........+++
e is 65537 (0x10001)
Using configuration from issuing/etc/ca.conf
Check that the request matches the signature
Signature ok
Certificate Details:
        Serial Number: 8192 (0x2000)
        Validity
            Not Before: Mar 14 09:59:18 2020 GMT
            Not After : Mar 24 09:59:18 2021 GMT
        Subject:
            commonName                = test
        X509v3 extensions:
            X509v3 Basic Constraints: 
                CA:FALSE
            Netscape Cert Type: 
                SSL Server
            Netscape Comment: 
                OpenSSL Generated Server Certificate
            X509v3 Subject Key Identifier: 
                D1:29:D4:77:DE:40:28:C3:79:73:91:B2:C6:59:94:CA:08:8C:C8:28
            X509v3 Authority Key Identifier: 
                keyid:A5:37:D1:46:67:46:D0:EC:8B:F8:D5:CF:92:2E:29:99:B9:85:22:86
                DirName:/CN=test Root CA
                serial:10:00

            X509v3 Key Usage: critical
                Digital Signature, Key Encipherment
            X509v3 Extended Key Usage: 
                TLS Web Server Authentication, TLS Web Client Authentication
Certificate is to be certified until Mar 24 09:59:18 2021 GMT (375 days)

Write out database with 1 new entries
Data Base Updated
